Mar-17 14:47:39.696 [main] DEBUG nextflow.cli.Launcher - $> /home/animeshs/nextflow run nextflowtest.nf
Mar-17 14:47:39.849 [main] INFO  nextflow.cli.CmdRun - N E X T F L O W  ~  version 0.28.0
Mar-17 14:47:39.862 [main] INFO  nextflow.cli.CmdRun - Launching `nextflowtest.nf` [distracted_gilbert] - revision: d0d21587f8
Mar-17 14:47:39.973 [main] DEBUG nextflow.Session - Session uuid: 4a383fcd-28e8-4a8d-b104-6e2137924fb6
Mar-17 14:47:39.973 [main] DEBUG nextflow.Session - Run name: distracted_gilbert
Mar-17 14:47:39.976 [main] DEBUG nextflow.Session - Executor pool size: 4
Mar-17 14:47:39.995 [main] DEBUG nextflow.cli.CmdRun - 
  Version: 0.28.0 build 4779
  Modified: 10-03-2018 12:13 UTC (13:13 CEST)
  System: Linux 4.9.0-6-amd64
  Runtime: Groovy 2.4.13 on OpenJDK 64-Bit Server VM 1.8.0_151-8u151-b12-1~deb9u1-b12
  Encoding: UTF-8 (UTF-8)
  Process: 22467@animeshs-Latitude-E6230 [127.0.1.1]
  CPUs: 4 - Mem: 7.7 GB (172.4 MB) - Swap: 7.9 GB (4.4 GB)
Mar-17 14:47:40.092 [main] DEBUG nextflow.Session - Work-dir: /home/animeshs/Documents/scripts/work [ext2/ext3]
Mar-17 14:47:40.092 [main] DEBUG nextflow.Session - Script base path does not exist or is not a directory: /home/animeshs/Documents/scripts/bin
Mar-17 14:47:40.189 [main] DEBUG nextflow.Session - Session start invoked
Mar-17 14:47:40.202 [main] DEBUG nextflow.processor.TaskDispatcher - Dispatcher > start
Mar-17 14:47:40.203 [main] DEBUG nextflow.script.ScriptRunner - > Script parsing
Mar-17 14:47:40.480 [main] DEBUG nextflow.script.ScriptRunner - > Launching execution
Mar-17 14:47:40.544 [main] DEBUG nextflow.processor.ProcessFactory - << taskConfig executor: null
Mar-17 14:47:40.544 [main] DEBUG nextflow.processor.ProcessFactory - >> processorType: 'local'
Mar-17 14:47:40.555 [main] DEBUG nextflow.executor.Executor - Initializing executor: local
Mar-17 14:47:40.559 [main] INFO  nextflow.executor.Executor - [warm up] executor > local
Mar-17 14:47:40.566 [main] DEBUG n.processor.LocalPollingMonitor - Creating local task monitor for executor 'local' > cpus=4; memory=7.7 GB; capacity=4; pollInterval=100ms; dumpInterval=5m
Mar-17 14:47:40.572 [main] DEBUG nextflow.processor.TaskDispatcher - Starting monitor: LocalPollingMonitor
Mar-17 14:47:40.573 [main] DEBUG n.processor.TaskPollingMonitor - >>> barrier register (monitor: local)
Mar-17 14:47:40.581 [main] DEBUG nextflow.executor.Executor - Invoke register for executor: local
Mar-17 14:47:40.719 [main] DEBUG nextflow.Session - >>> barrier register (process: perlStuff)
Mar-17 14:47:40.724 [main] DEBUG nextflow.processor.TaskProcessor - Creating operator > perlStuff -- maxForks: 4
Mar-17 14:47:40.769 [main] DEBUG nextflow.processor.ProcessFactory - << taskConfig executor: null
Mar-17 14:47:40.772 [main] DEBUG nextflow.processor.ProcessFactory - >> processorType: 'local'
Mar-17 14:47:40.773 [main] DEBUG nextflow.executor.Executor - Initializing executor: local
Mar-17 14:47:40.776 [main] DEBUG nextflow.Session - >>> barrier register (process: pyStuff)
Mar-17 14:47:40.777 [main] DEBUG nextflow.processor.TaskProcessor - Creating operator > pyStuff -- maxForks: 4
Mar-17 14:47:40.780 [main] DEBUG nextflow.script.ScriptRunner - > Await termination 
Mar-17 14:47:40.781 [main] DEBUG nextflow.Session - Session await
Mar-17 14:47:41.124 [Task submitter] DEBUG nextflow.executor.LocalTaskHandler - Launch cmd line: /bin/bash -ue .command.run
Mar-17 14:47:41.134 [Task submitter] INFO  nextflow.Session - [36/c86e3d] Submitted process > perlStuff
Mar-17 14:47:41.165 [Task submitter] DEBUG nextflow.executor.LocalTaskHandler - Launch cmd line: /bin/bash -ue .command.run
Mar-17 14:47:41.166 [Task submitter] INFO  nextflow.Session - [c4/341cd1] Submitted process > pyStuff
Mar-17 14:47:41.230 [Task monitor] DEBUG n.processor.TaskPollingMonitor - Task completed > TaskHandler[id: 1; name: perlStuff; status: COMPLETED; exit: 0; error: -; workDir: /home/animeshs/Documents/scripts/work/36/c86e3d1e2da656bb9acadbb1b82103]
Mar-17 14:47:41.244 [Actor Thread 3] DEBUG nextflow.Session - <<< barrier arrive (process: perlStuff)
Mar-17 14:47:41.250 [Task monitor] DEBUG n.processor.TaskPollingMonitor - Task completed > TaskHandler[id: 2; name: pyStuff; status: COMPLETED; exit: 0; error: -; workDir: /home/animeshs/Documents/scripts/work/c4/341cd14916e88ebe3de551703ca50a]
Mar-17 14:47:41.252 [Actor Thread 3] DEBUG nextflow.Session - <<< barrier arrive (process: pyStuff)
Mar-17 14:47:41.253 [main] DEBUG nextflow.Session - Session await > all process finished
Mar-17 14:47:41.254 [Task monitor] DEBUG n.processor.TaskPollingMonitor - <<< barrier arrives (monitor: local)
Mar-17 14:47:41.255 [main] DEBUG nextflow.Session - Session await > all barriers passed
Mar-17 14:47:41.274 [main] DEBUG nextflow.trace.StatsObserver - Workflow completed > WorkflowStats[succeedCount=2; failedCount=0; ignoredCount=0; cachedCount=0; succeedDuration=72ms; failedDuration=0ms; cachedDuration=0ms]
Mar-17 14:47:41.356 [main] DEBUG nextflow.CacheDB - Closing CacheDB done
Mar-17 14:47:41.368 [main] DEBUG nextflow.script.ScriptRunner - > Execution complete -- Goodbye
