2022-04-21 18:57:15,830:INFO:PyCaret Supervised Module
2022-04-21 18:57:15,832:INFO:ML Usecase: classification
2022-04-21 18:57:15,833:INFO:version 2.3.9
2022-04-21 18:57:15,833:INFO:Initializing setup()
2022-04-21 18:57:15,833:INFO:setup(target=Group, ml_usecase=classification, available_plots={'parameter': 'Hyperparameters', 'auc': 'AUC', 'confusion_matrix': 'Confusion Matrix', 'threshold': 'Threshold', 'pr': 'Precision Recall', 'error': 'Prediction Error', 'class_report': 'Class Report', 'rfe': 'Feature Selection', 'learning': 'Learning Curve', 'manifold': 'Manifold Learning', 'calibration': 'Calibration Curve', 'vc': 'Validation Curve', 'dimension': 'Dimensions', 'feature': 'Feature Importance', 'feature_all': 'Feature Importance (All)', 'boundary': 'Decision Boundary', 'lift': 'Lift Chart', 'gain': 'Gain Chart', 'tree': 'Decision Tree', 'ks': 'KS Statistic Plot'}, train_size=0.7, test_data=None, preprocess=True, imputation_type=simple, iterative_imputation_iters=5, categorical_features=None, categorical_imputation=constant, categorical_iterative_imputer=lightgbm, ordinal_features=None, high_cardinality_features=None, high_cardinality_method=frequency, numeric_features=None, numeric_imputation=mean, numeric_iterative_imputer=lightgbm, date_features=None, ignore_features=None, normalize=False, normalize_method=zscore, transformation=False, transformation_method=yeo-johnson, handle_unknown_categorical=True, unknown_categorical_method=least_frequent, pca=False, pca_method=linear, pca_components=None, ignore_low_variance=False, combine_rare_levels=False, rare_level_threshold=0.1, bin_numeric_features=None, remove_outliers=False, outliers_threshold=0.05, remove_multicollinearity=False, multicollinearity_threshold=0.9, remove_perfect_collinearity=True, create_clusters=False, cluster_iter=20, polynomial_features=False, polynomial_degree=2, trigonometry_features=False, polynomial_threshold=0.1, group_features=None, group_names=None, feature_selection=False, feature_selection_threshold=0.8, feature_selection_method=classic, feature_interaction=False, feature_ratio=False, interaction_threshold=0.01, fix_imbalance=False, fix_imbalance_method=None, transform_target=False, transform_target_method=box-cox, data_split_shuffle=True, data_split_stratify=False, fold_strategy=stratifiedkfold, fold=10, fold_shuffle=False, fold_groups=None, n_jobs=-1, use_gpu=True, custom_pipeline=None, html=True, session_id=42, log_experiment=False, experiment_name=None, experiment_custom_tags=None, log_plots=False, log_profile=False, log_data=False, silent=True, verbose=True, profile=False, profile_kwargs=None, display=None)
2022-04-21 18:57:15,834:INFO:Checking environment
2022-04-21 18:57:15,834:INFO:python_version: 3.9.7
2022-04-21 18:57:15,835:INFO:python_build: ('default', 'Sep 16 2021 13:09:58')
2022-04-21 18:57:15,835:INFO:machine: x86_64
2022-04-21 18:57:15,835:INFO:platform: Linux-5.10.60.1-microsoft-standard-WSL2-x86_64-with-glibc2.31
2022-04-21 18:57:15,836:INFO:Memory: svmem(total=67439767552, available=61581082624, percent=8.7, used=5062365184, free=41170288640, active=9509363712, inactive=14966358016, buffers=2694766592, cached=18512347136, shared=56233984, slab=1457864704)
2022-04-21 18:57:15,838:INFO:Physical Core: 6
2022-04-21 18:57:15,838:INFO:Logical Core: 12
2022-04-21 18:57:15,838:INFO:Checking libraries
2022-04-21 18:57:15,839:INFO:pd==1.3.5
2022-04-21 18:57:15,839:INFO:numpy==1.20.3
2022-04-21 18:57:15,839:INFO:sklearn==0.23.2
2022-04-21 18:57:15,840:INFO:lightgbm==3.3.2
2022-04-21 18:57:15,926:INFO:catboost==1.0.5
2022-04-21 18:57:15,926:INFO:xgboost==1.5.1
2022-04-21 18:57:15,927:INFO:mlflow==1.25.1
2022-04-21 18:57:15,927:INFO:Checking Exceptions
2022-04-21 18:57:15,928:INFO:Declaring global variables
2022-04-21 18:57:15,928:INFO:USI: 31f6
2022-04-21 18:57:15,928:INFO:pycaret_globals: {'transform_target_param', 'n_jobs_param', 'X', 'gpu_param', 'fold_shuffle_param', 'fix_imbalance_method_param', '_available_plots', 'exp_name_log', '_internal_pipeline', 'experiment__', 'html_param', 'prep_pipe', 'fix_imbalance_param', 'fold_groups_param', 'y_test', 'stratify_param', '_all_models', 'target_param', 'fold_groups_param_full', 'imputation_regressor', 'dashboard_logger', 'log_plots_param', 'display_container', 'USI', '_gpu_n_jobs_param', 'iterative_imputation_iters_param', '_all_metrics', 'data_before_preprocess', 'y', 'X_test', 'y_train', 'create_model_container', 'transform_target_method_param', 'seed', 'logging_param', 'X_train', 'master_model_container', '_all_models_internal', 'fold_generator', 'pycaret_globals', '_ml_usecase', 'imputation_classifier', 'fold_param'}
2022-04-21 18:57:15,929:INFO:Preparing display monitor
2022-04-21 18:57:15,930:INFO:Preparing display monitor
2022-04-21 18:57:15,947:INFO:Importing libraries
2022-04-21 18:57:15,947:INFO:Copying data for preprocessing
2022-04-21 18:57:15,957:INFO:Declaring preprocessing parameters
2022-04-21 18:57:15,958:INFO:cuml==22.04.00
2022-04-21 18:57:15,963:INFO:Creating preprocessing pipeline
2022-04-21 18:57:17,401:INFO:Preprocessing pipeline created successfully
2022-04-21 18:57:17,401:ERROR:(Process Exit): setup has been interupted with user command 'quit'. setup must rerun.
2022-04-21 18:57:17,402:INFO:Creating global containers
2022-04-21 18:57:17,403:INFO:Internal pipeline: Pipeline(memory=None, steps=[('empty_step', 'passthrough')], verbose=False)
2022-04-21 18:57:42,573:INFO:Imported cuml.linear_model.LogisticRegression
2022-04-21 18:57:47,810:INFO:Imported cuml.neighbors.KNeighborsClassifier
2022-04-21 18:57:47,813:INFO:Imported cuml.MBSGDClassifier
2022-04-21 18:57:47,815:INFO:Imported cuml.svm.SVC
2022-04-21 18:57:47,843:INFO:Imported cuml.linear_model
2022-04-21 18:57:47,848:INFO:Imported cuml.ensemble
2022-04-21 18:57:47,868:INFO:Imported cuml.linear_model.LogisticRegression
2022-04-21 18:57:47,915:INFO:Imported cuml.neighbors.KNeighborsClassifier
2022-04-21 18:57:47,916:INFO:Imported cuml.MBSGDClassifier
2022-04-21 18:57:47,917:INFO:Imported cuml.svm.SVC
2022-04-21 18:57:47,942:INFO:Imported cuml.linear_model
2022-04-21 18:57:47,948:INFO:Imported cuml.ensemble
2022-04-21 18:57:47,956:INFO:Creating grid variables
2022-04-21 18:57:47,994:INFO:create_model_container: 0
2022-04-21 18:57:47,994:INFO:master_model_container: 0
2022-04-21 18:57:47,995:INFO:display_container: 1
2022-04-21 18:57:48,000:INFO:Pipeline(memory=None,
         steps=[('dtypes',
                 DataTypes_Auto_infer(categorical_features=[],
                                      display_types=False, features_todrop=[],
                                      id_columns=[],
                                      ml_usecase='classification',
                                      numerical_features=[], target='Group',
                                      time_features=[])),
                ('imputer',
                 Simple_Imputer(categorical_strategy='not_available',
                                fill_value_categorical=None,
                                fill_value_numerical=None,
                                numeric_strat...
                ('scaling', 'passthrough'), ('P_transform', 'passthrough'),
                ('binn', 'passthrough'), ('rem_outliers', 'passthrough'),
                ('cluster_all', 'passthrough'),
                ('dummy', Dummify(target='Group')),
                ('fix_perfect', Remove_100(target='Group')),
                ('clean_names', Clean_Colum_Names()),
                ('feature_select', 'passthrough'), ('fix_multi', 'passthrough'),
                ('dfs', 'passthrough'), ('pca', 'passthrough')],
         verbose=False)
2022-04-21 18:57:48,000:INFO:setup() succesfully completed......................................
2022-04-21 18:57:48,169:INFO:Initializing compare_models()
2022-04-21 18:57:48,170:INFO:compare_models(include=None, fold=None, round=4, cross_validation=True, sort=Accuracy, n_select=1, budget_time=None, turbo=True, errors=ignore, fit_kwargs=None, groups=None, experiment_custom_tags=None, probability_threshold=None, verbose=True, display=None, exclude=None)
2022-04-21 18:57:48,171:INFO:Checking exceptions
2022-04-21 18:57:48,172:INFO:Preparing display monitor
2022-04-21 18:57:48,173:INFO:Preparing display monitor
2022-04-21 18:57:48,201:INFO:Initializing Logistic Regression
2022-04-21 18:57:48,201:INFO:Total runtime is 9.099642435709635e-06 minutes
2022-04-21 18:57:48,211:INFO:SubProcess create_model() called ==================================
2022-04-21 18:57:48,212:INFO:Initializing create_model()
2022-04-21 18:57:48,212:INFO:create_model(estimator=lr, fold=StratifiedKFold(n_splits=10, random_state=None, shuffle=False), round=4, cross_validation=True, predict=True, fit_kwargs={}, groups=None, refit=False, verbose=False, system=False, metrics=None, experiment_custom_tags=None, add_to_model_list=True, probability_threshold=None, display=<pycaret.internal.Display.Display object at 0x7f9704419eb0>, return_train_score=False, kwargs={})
2022-04-21 18:57:48,212:INFO:Checking exceptions
2022-04-21 18:57:48,213:INFO:Importing libraries
2022-04-21 18:57:48,213:INFO:Copying training dataset
2022-04-21 18:57:48,214:INFO:Defining folds
2022-04-21 18:57:48,214:INFO:Declaring metric variables
2022-04-21 18:57:48,223:INFO:Importing untrained model
2022-04-21 18:57:48,236:INFO:Logistic Regression Imported succesfully
2022-04-21 18:57:48,255:INFO:Starting cross validation
2022-04-21 18:57:48,256:INFO:Cross validating with StratifiedKFold(n_splits=10, random_state=None, shuffle=False), n_jobs=1
2022-04-21 18:57:53,159:INFO:Calculating mean and std
2022-04-21 18:57:53,161:INFO:Creating metrics dataframe
2022-04-21 18:57:53,166:INFO:Uploading results into container
2022-04-21 18:57:53,166:INFO:Uploading model into container now
2022-04-21 18:57:53,167:INFO:create_model_container: 1
2022-04-21 18:57:53,167:INFO:master_model_container: 1
2022-04-21 18:57:53,167:INFO:display_container: 2
2022-04-21 18:57:53,168:INFO:LogisticRegression()
2022-04-21 18:57:53,168:INFO:create_model() succesfully completed......................................
2022-04-21 18:57:53,312:INFO:SubProcess create_model() end ==================================
2022-04-21 18:57:53,313:INFO:Creating metrics dataframe
2022-04-21 18:57:53,330:INFO:Initializing K Neighbors Classifier
2022-04-21 18:57:53,330:INFO:Total runtime is 0.08549235661824545 minutes
2022-04-21 18:57:53,340:INFO:SubProcess create_model() called ==================================
2022-04-21 18:57:53,340:INFO:Initializing create_model()
2022-04-21 18:57:53,341:INFO:create_model(estimator=knn, fold=StratifiedKFold(n_splits=10, random_state=None, shuffle=False), round=4, cross_validation=True, predict=True, fit_kwargs={}, groups=None, refit=False, verbose=False, system=False, metrics=None, experiment_custom_tags=None, add_to_model_list=True, probability_threshold=None, display=<pycaret.internal.Display.Display object at 0x7f9704419eb0>, return_train_score=False, kwargs={})
2022-04-21 18:57:53,341:INFO:Checking exceptions
2022-04-21 18:57:53,342:INFO:Importing libraries
2022-04-21 18:57:53,342:INFO:Copying training dataset
2022-04-21 18:57:53,344:INFO:Defining folds
2022-04-21 18:57:53,344:INFO:Declaring metric variables
2022-04-21 18:57:53,354:INFO:Importing untrained model
2022-04-21 18:57:53,363:INFO:K Neighbors Classifier Imported succesfully
2022-04-21 18:57:53,383:INFO:Starting cross validation
2022-04-21 18:57:53,384:INFO:Cross validating with StratifiedKFold(n_splits=10, random_state=None, shuffle=False), n_jobs=1
2022-04-21 18:57:53,642:INFO:Calculating mean and std
2022-04-21 18:57:53,644:INFO:Creating metrics dataframe
2022-04-21 18:57:53,649:INFO:Uploading results into container
2022-04-21 18:57:53,650:INFO:Uploading model into container now
2022-04-21 18:57:53,650:INFO:create_model_container: 2
2022-04-21 18:57:53,650:INFO:master_model_container: 2
2022-04-21 18:57:53,651:INFO:display_container: 2
2022-04-21 18:57:53,651:INFO:KNeighborsClassifier()
2022-04-21 18:57:53,652:INFO:create_model() succesfully completed......................................
2022-04-21 18:57:53,813:INFO:SubProcess create_model() end ==================================
2022-04-21 18:57:53,814:INFO:Creating metrics dataframe
2022-04-21 18:57:53,835:INFO:Initializing Naive Bayes
2022-04-21 18:57:53,836:INFO:Total runtime is 0.09391785860061647 minutes
2022-04-21 18:57:53,848:INFO:SubProcess create_model() called ==================================
2022-04-21 18:57:53,849:INFO:Initializing create_model()
2022-04-21 18:57:53,849:INFO:create_model(estimator=nb, fold=StratifiedKFold(n_splits=10, random_state=None, shuffle=False), round=4, cross_validation=True, predict=True, fit_kwargs={}, groups=None, refit=False, verbose=False, system=False, metrics=None, experiment_custom_tags=None, add_to_model_list=True, probability_threshold=None, display=<pycaret.internal.Display.Display object at 0x7f9704419eb0>, return_train_score=False, kwargs={})
2022-04-21 18:57:53,850:INFO:Checking exceptions
2022-04-21 18:57:53,850:INFO:Importing libraries
2022-04-21 18:57:53,850:INFO:Copying training dataset
2022-04-21 18:57:53,852:INFO:Defining folds
2022-04-21 18:57:53,852:INFO:Declaring metric variables
2022-04-21 18:57:53,862:INFO:Importing untrained model
2022-04-21 18:57:53,870:INFO:Naive Bayes Imported succesfully
2022-04-21 18:57:53,892:INFO:Starting cross validation
2022-04-21 18:57:53,893:INFO:Cross validating with StratifiedKFold(n_splits=10, random_state=None, shuffle=False), n_jobs=1
2022-04-21 18:57:54,532:INFO:Calculating mean and std
2022-04-21 18:57:54,534:INFO:Creating metrics dataframe
2022-04-21 18:57:54,543:INFO:Uploading results into container
2022-04-21 18:57:54,543:INFO:Uploading model into container now
2022-04-21 18:57:54,544:INFO:create_model_container: 3
2022-04-21 18:57:54,544:INFO:master_model_container: 3
2022-04-21 18:57:54,544:INFO:display_container: 2
2022-04-21 18:57:54,545:INFO:GaussianNB(priors=None, var_smoothing=1e-09)
2022-04-21 18:57:54,545:INFO:create_model() succesfully completed......................................
2022-04-21 18:57:54,666:INFO:SubProcess create_model() end ==================================
2022-04-21 18:57:54,666:INFO:Creating metrics dataframe
2022-04-21 18:57:54,686:INFO:Initializing Decision Tree Classifier
2022-04-21 18:57:54,687:INFO:Total runtime is 0.10809840361277263 minutes
2022-04-21 18:57:54,697:INFO:SubProcess create_model() called ==================================
2022-04-21 18:57:54,698:INFO:Initializing create_model()
2022-04-21 18:57:54,698:INFO:create_model(estimator=dt, fold=StratifiedKFold(n_splits=10, random_state=None, shuffle=False), round=4, cross_validation=True, predict=True, fit_kwargs={}, groups=None, refit=False, verbose=False, system=False, metrics=None, experiment_custom_tags=None, add_to_model_list=True, probability_threshold=None, display=<pycaret.internal.Display.Display object at 0x7f9704419eb0>, return_train_score=False, kwargs={})
2022-04-21 18:57:54,699:INFO:Checking exceptions
2022-04-21 18:57:54,699:INFO:Importing libraries
2022-04-21 18:57:54,700:INFO:Copying training dataset
2022-04-21 18:57:54,701:INFO:Defining folds
2022-04-21 18:57:54,701:INFO:Declaring metric variables
2022-04-21 18:57:54,710:INFO:Importing untrained model
2022-04-21 18:57:54,719:INFO:Decision Tree Classifier Imported succesfully
2022-04-21 18:57:54,737:INFO:Starting cross validation
2022-04-21 18:57:54,738:INFO:Cross validating with StratifiedKFold(n_splits=10, random_state=None, shuffle=False), n_jobs=1
2022-04-21 18:57:55,435:INFO:Calculating mean and std
2022-04-21 18:57:55,437:INFO:Creating metrics dataframe
2022-04-21 18:57:55,443:INFO:Uploading results into container
2022-04-21 18:57:55,444:INFO:Uploading model into container now
2022-04-21 18:57:55,444:INFO:create_model_container: 4
2022-04-21 18:57:55,444:INFO:master_model_container: 4
2022-04-21 18:57:55,444:INFO:display_container: 2
2022-04-21 18:57:55,445:INFO:DecisionTreeClassifier(ccp_alpha=0.0, class_weight=None, criterion='gini',
                       max_depth=None, max_features=None, max_leaf_nodes=None,
                       min_impurity_decrease=0.0, min_impurity_split=None,
                       min_samples_leaf=1, min_samples_split=2,
                       min_weight_fraction_leaf=0.0, presort='deprecated',
                       random_state=42, splitter='best')
2022-04-21 18:57:55,445:INFO:create_model() succesfully completed......................................
2022-04-21 18:57:55,582:INFO:SubProcess create_model() end ==================================
2022-04-21 18:57:55,583:INFO:Creating metrics dataframe
2022-04-21 18:57:55,602:INFO:Initializing SVM - Linear Kernel
2022-04-21 18:57:55,602:INFO:Total runtime is 0.12335470120112102 minutes
2022-04-21 18:57:55,612:INFO:SubProcess create_model() called ==================================
2022-04-21 18:57:55,612:INFO:Initializing create_model()
2022-04-21 18:57:55,613:INFO:create_model(estimator=svm, fold=StratifiedKFold(n_splits=10, random_state=None, shuffle=False), round=4, cross_validation=True, predict=True, fit_kwargs={}, groups=None, refit=False, verbose=False, system=False, metrics=None, experiment_custom_tags=None, add_to_model_list=True, probability_threshold=None, display=<pycaret.internal.Display.Display object at 0x7f9704419eb0>, return_train_score=False, kwargs={})
2022-04-21 18:57:55,613:INFO:Checking exceptions
2022-04-21 18:57:55,613:INFO:Importing libraries
2022-04-21 18:57:55,614:INFO:Copying training dataset
2022-04-21 18:57:55,615:INFO:Defining folds
2022-04-21 18:57:55,615:INFO:Declaring metric variables
2022-04-21 18:57:55,624:INFO:Importing untrained model
2022-04-21 18:57:55,635:INFO:SVM - Linear Kernel Imported succesfully
2022-04-21 18:57:55,655:INFO:Starting cross validation
2022-04-21 18:57:55,656:INFO:Cross validating with StratifiedKFold(n_splits=10, random_state=None, shuffle=False), n_jobs=1
2022-04-21 18:57:56,576:INFO:Calculating mean and std
2022-04-21 18:57:56,578:INFO:Creating metrics dataframe
2022-04-21 18:57:56,585:INFO:Uploading results into container
2022-04-21 18:57:56,585:INFO:Uploading model into container now
2022-04-21 18:57:56,586:INFO:create_model_container: 5
2022-04-21 18:57:56,586:INFO:master_model_container: 5
2022-04-21 18:57:56,586:INFO:display_container: 2
2022-04-21 18:57:56,587:INFO:MBSGDClassifier()
2022-04-21 18:57:56,587:INFO:create_model() succesfully completed......................................
2022-04-21 18:57:56,715:INFO:SubProcess create_model() end ==================================
2022-04-21 18:57:56,715:INFO:Creating metrics dataframe
2022-04-21 18:57:56,735:INFO:Initializing Ridge Classifier
2022-04-21 18:57:56,736:INFO:Total runtime is 0.14224464495976766 minutes
2022-04-21 18:57:56,745:INFO:SubProcess create_model() called ==================================
2022-04-21 18:57:56,746:INFO:Initializing create_model()
2022-04-21 18:57:56,747:INFO:create_model(estimator=ridge, fold=StratifiedKFold(n_splits=10, random_state=None, shuffle=False), round=4, cross_validation=True, predict=True, fit_kwargs={}, groups=None, refit=False, verbose=False, system=False, metrics=None, experiment_custom_tags=None, add_to_model_list=True, probability_threshold=None, display=<pycaret.internal.Display.Display object at 0x7f9704419eb0>, return_train_score=False, kwargs={})
2022-04-21 18:57:56,747:INFO:Checking exceptions
2022-04-21 18:57:56,747:INFO:Importing libraries
2022-04-21 18:57:56,747:INFO:Copying training dataset
2022-04-21 18:57:56,749:INFO:Defining folds
2022-04-21 18:57:56,749:INFO:Declaring metric variables
2022-04-21 18:57:56,757:INFO:Importing untrained model
2022-04-21 18:57:56,766:INFO:Ridge Classifier Imported succesfully
2022-04-21 18:57:56,784:INFO:Starting cross validation
2022-04-21 18:57:56,786:INFO:Cross validating with StratifiedKFold(n_splits=10, random_state=None, shuffle=False), n_jobs=1
2022-04-21 18:58:01,610:INFO:Calculating mean and std
2022-04-21 18:58:01,612:INFO:Creating metrics dataframe
2022-04-21 18:58:01,636:INFO:Uploading results into container
2022-04-21 18:58:01,638:INFO:Uploading model into container now
2022-04-21 18:58:01,638:INFO:create_model_container: 6
2022-04-21 18:58:01,639:INFO:master_model_container: 6
2022-04-21 18:58:01,639:INFO:display_container: 2
2022-04-21 18:58:01,640:INFO:RidgeClassifier(alpha=1.0, class_weight=None, copy_X=None, fit_intercept=True,
                handle=None, n_jobs=1, normalize=False, output_type=None,
                solver='eig', verbose=False)
2022-04-21 18:58:01,640:INFO:create_model() succesfully completed......................................
2022-04-21 18:58:01,796:INFO:SubProcess create_model() end ==================================
2022-04-21 18:58:01,797:INFO:Creating metrics dataframe
2022-04-21 18:58:01,815:INFO:Initializing Random Forest Classifier
2022-04-21 18:58:01,816:INFO:Total runtime is 0.22692242463429768 minutes
2022-04-21 18:58:01,826:INFO:SubProcess create_model() called ==================================
2022-04-21 18:58:01,827:INFO:Initializing create_model()
2022-04-21 18:58:01,827:INFO:create_model(estimator=rf, fold=StratifiedKFold(n_splits=10, random_state=None, shuffle=False), round=4, cross_validation=True, predict=True, fit_kwargs={}, groups=None, refit=False, verbose=False, system=False, metrics=None, experiment_custom_tags=None, add_to_model_list=True, probability_threshold=None, display=<pycaret.internal.Display.Display object at 0x7f9704419eb0>, return_train_score=False, kwargs={})
2022-04-21 18:58:01,827:INFO:Checking exceptions
2022-04-21 18:58:01,828:INFO:Importing libraries
2022-04-21 18:58:01,828:INFO:Copying training dataset
2022-04-21 18:58:01,829:INFO:Defining folds
2022-04-21 18:58:01,829:INFO:Declaring metric variables
2022-04-21 18:58:01,840:INFO:Importing untrained model
2022-04-21 18:58:01,850:INFO:Random Forest Classifier Imported succesfully
2022-04-21 18:58:01,868:INFO:Starting cross validation
2022-04-21 18:58:01,870:INFO:Cross validating with StratifiedKFold(n_splits=10, random_state=None, shuffle=False), n_jobs=1
2022-04-21 18:58:08,874:INFO:Calculating mean and std
2022-04-21 18:58:08,876:INFO:Creating metrics dataframe
2022-04-21 18:58:08,882:INFO:Uploading results into container
2022-04-21 18:58:08,882:INFO:Uploading model into container now
2022-04-21 18:58:08,883:INFO:create_model_container: 7
2022-04-21 18:58:08,883:INFO:master_model_container: 7
2022-04-21 18:58:08,883:INFO:display_container: 2
2022-04-21 18:58:08,884:INFO:RandomForestClassifier()
2022-04-21 18:58:08,884:INFO:create_model() succesfully completed......................................
2022-04-21 18:58:09,040:INFO:SubProcess create_model() end ==================================
2022-04-21 18:58:09,040:INFO:Creating metrics dataframe
2022-04-21 18:58:09,061:INFO:Initializing Quadratic Discriminant Analysis
2022-04-21 18:58:09,062:INFO:Total runtime is 0.3476850867271423 minutes
2022-04-21 18:58:09,072:INFO:SubProcess create_model() called ==================================
2022-04-21 18:58:09,073:INFO:Initializing create_model()
2022-04-21 18:58:09,073:INFO:create_model(estimator=qda, fold=StratifiedKFold(n_splits=10, random_state=None, shuffle=False), round=4, cross_validation=True, predict=True, fit_kwargs={}, groups=None, refit=False, verbose=False, system=False, metrics=None, experiment_custom_tags=None, add_to_model_list=True, probability_threshold=None, display=<pycaret.internal.Display.Display object at 0x7f9704419eb0>, return_train_score=False, kwargs={})
2022-04-21 18:58:09,073:INFO:Checking exceptions
2022-04-21 18:58:09,074:INFO:Importing libraries
2022-04-21 18:58:09,074:INFO:Copying training dataset
2022-04-21 18:58:09,075:INFO:Defining folds
2022-04-21 18:58:09,076:INFO:Declaring metric variables
2022-04-21 18:58:09,084:INFO:Importing untrained model
2022-04-21 18:58:09,094:INFO:Quadratic Discriminant Analysis Imported succesfully
2022-04-21 18:58:09,113:INFO:Starting cross validation
2022-04-21 18:58:09,114:INFO:Cross validating with StratifiedKFold(n_splits=10, random_state=None, shuffle=False), n_jobs=1
2022-04-21 18:58:10,072:INFO:Calculating mean and std
2022-04-21 18:58:10,074:INFO:Creating metrics dataframe
2022-04-21 18:58:10,079:INFO:Uploading results into container
2022-04-21 18:58:10,079:INFO:Uploading model into container now
2022-04-21 18:58:10,080:INFO:create_model_container: 8
2022-04-21 18:58:10,080:INFO:master_model_container: 8
2022-04-21 18:58:10,080:INFO:display_container: 2
2022-04-21 18:58:10,081:INFO:QuadraticDiscriminantAnalysis(priors=None, reg_param=0.0,
                              store_covariance=False, tol=0.0001)
2022-04-21 18:58:10,081:INFO:create_model() succesfully completed......................................
2022-04-21 18:58:10,205:INFO:SubProcess create_model() end ==================================
2022-04-21 18:58:10,205:INFO:Creating metrics dataframe
2022-04-21 18:58:10,225:INFO:Initializing Ada Boost Classifier
2022-04-21 18:58:10,225:INFO:Total runtime is 0.36707333723704016 minutes
2022-04-21 18:58:10,235:INFO:SubProcess create_model() called ==================================
2022-04-21 18:58:10,235:INFO:Initializing create_model()
2022-04-21 18:58:10,236:INFO:create_model(estimator=ada, fold=StratifiedKFold(n_splits=10, random_state=None, shuffle=False), round=4, cross_validation=True, predict=True, fit_kwargs={}, groups=None, refit=False, verbose=False, system=False, metrics=None, experiment_custom_tags=None, add_to_model_list=True, probability_threshold=None, display=<pycaret.internal.Display.Display object at 0x7f9704419eb0>, return_train_score=False, kwargs={})
2022-04-21 18:58:10,236:INFO:Checking exceptions
2022-04-21 18:58:10,236:INFO:Importing libraries
2022-04-21 18:58:10,237:INFO:Copying training dataset
2022-04-21 18:58:10,238:INFO:Defining folds
2022-04-21 18:58:10,238:INFO:Declaring metric variables
2022-04-21 18:58:10,247:INFO:Importing untrained model
2022-04-21 18:58:10,257:INFO:Ada Boost Classifier Imported succesfully
2022-04-21 18:58:10,275:INFO:Starting cross validation
2022-04-21 18:58:10,276:INFO:Cross validating with StratifiedKFold(n_splits=10, random_state=None, shuffle=False), n_jobs=1
2022-04-21 18:58:10,986:INFO:Calculating mean and std
2022-04-21 18:58:10,988:INFO:Creating metrics dataframe
2022-04-21 18:58:10,994:INFO:Uploading results into container
2022-04-21 18:58:10,994:INFO:Uploading model into container now
2022-04-21 18:58:10,995:INFO:create_model_container: 9
2022-04-21 18:58:10,995:INFO:master_model_container: 9
2022-04-21 18:58:10,995:INFO:display_container: 2
2022-04-21 18:58:10,996:INFO:AdaBoostClassifier(algorithm='SAMME.R', base_estimator=None, learning_rate=1.0,
                   n_estimators=50, random_state=42)
2022-04-21 18:58:10,996:INFO:create_model() succesfully completed......................................
2022-04-21 18:58:11,127:INFO:SubProcess create_model() end ==================================
2022-04-21 18:58:11,128:INFO:Creating metrics dataframe
2022-04-21 18:58:11,148:INFO:Initializing Gradient Boosting Classifier
2022-04-21 18:58:11,149:INFO:Total runtime is 0.3824679613113403 minutes
2022-04-21 18:58:11,158:INFO:SubProcess create_model() called ==================================
2022-04-21 18:58:11,159:INFO:Initializing create_model()
2022-04-21 18:58:11,160:INFO:create_model(estimator=gbc, fold=StratifiedKFold(n_splits=10, random_state=None, shuffle=False), round=4, cross_validation=True, predict=True, fit_kwargs={}, groups=None, refit=False, verbose=False, system=False, metrics=None, experiment_custom_tags=None, add_to_model_list=True, probability_threshold=None, display=<pycaret.internal.Display.Display object at 0x7f9704419eb0>, return_train_score=False, kwargs={})
2022-04-21 18:58:11,160:INFO:Checking exceptions
2022-04-21 18:58:11,161:INFO:Importing libraries
2022-04-21 18:58:11,161:INFO:Copying training dataset
2022-04-21 18:58:11,163:INFO:Defining folds
2022-04-21 18:58:11,163:INFO:Declaring metric variables
2022-04-21 18:58:11,173:INFO:Importing untrained model
2022-04-21 18:58:11,181:INFO:Gradient Boosting Classifier Imported succesfully
2022-04-21 18:58:11,199:INFO:Starting cross validation
2022-04-21 18:58:11,200:INFO:Cross validating with StratifiedKFold(n_splits=10, random_state=None, shuffle=False), n_jobs=1
2022-04-21 18:58:20,197:INFO:Calculating mean and std
2022-04-21 18:58:20,199:INFO:Creating metrics dataframe
2022-04-21 18:58:20,207:INFO:Uploading results into container
2022-04-21 18:58:20,207:INFO:Uploading model into container now
2022-04-21 18:58:20,207:INFO:create_model_container: 10
2022-04-21 18:58:20,208:INFO:master_model_container: 10
2022-04-21 18:58:20,208:INFO:display_container: 2
2022-04-21 18:58:20,209:INFO:GradientBoostingClassifier(ccp_alpha=0.0, criterion='friedman_mse', init=None,
                           learning_rate=0.1, loss='deviance', max_depth=3,
                           max_features=None, max_leaf_nodes=None,
                           min_impurity_decrease=0.0, min_impurity_split=None,
                           min_samples_leaf=1, min_samples_split=2,
                           min_weight_fraction_leaf=0.0, n_estimators=100,
                           n_iter_no_change=None, presort='deprecated',
                           random_state=42, subsample=1.0, tol=0.0001,
                           validation_fraction=0.1, verbose=0,
                           warm_start=False)
2022-04-21 18:58:20,209:INFO:create_model() succesfully completed......................................
2022-04-21 18:58:20,345:INFO:SubProcess create_model() end ==================================
2022-04-21 18:58:20,346:INFO:Creating metrics dataframe
2022-04-21 18:58:20,366:INFO:Initializing Linear Discriminant Analysis
2022-04-21 18:58:20,366:INFO:Total runtime is 0.5360899289449056 minutes
2022-04-21 18:58:20,379:INFO:SubProcess create_model() called ==================================
2022-04-21 18:58:20,379:INFO:Initializing create_model()
2022-04-21 18:58:20,380:INFO:create_model(estimator=lda, fold=StratifiedKFold(n_splits=10, random_state=None, shuffle=False), round=4, cross_validation=True, predict=True, fit_kwargs={}, groups=None, refit=False, verbose=False, system=False, metrics=None, experiment_custom_tags=None, add_to_model_list=True, probability_threshold=None, display=<pycaret.internal.Display.Display object at 0x7f9704419eb0>, return_train_score=False, kwargs={})
2022-04-21 18:58:20,381:INFO:Checking exceptions
2022-04-21 18:58:20,382:INFO:Importing libraries
2022-04-21 18:58:20,382:INFO:Copying training dataset
2022-04-21 18:58:20,384:INFO:Defining folds
2022-04-21 18:58:20,385:INFO:Declaring metric variables
2022-04-21 18:58:20,393:INFO:Importing untrained model
2022-04-21 18:58:20,402:INFO:Linear Discriminant Analysis Imported succesfully
2022-04-21 18:58:20,423:INFO:Starting cross validation
2022-04-21 18:58:20,424:INFO:Cross validating with StratifiedKFold(n_splits=10, random_state=None, shuffle=False), n_jobs=1
2022-04-21 18:58:21,616:INFO:Calculating mean and std
2022-04-21 18:58:21,618:INFO:Creating metrics dataframe
2022-04-21 18:58:21,624:INFO:Uploading results into container
2022-04-21 18:58:21,625:INFO:Uploading model into container now
2022-04-21 18:58:21,625:INFO:create_model_container: 11
2022-04-21 18:58:21,626:INFO:master_model_container: 11
2022-04-21 18:58:21,626:INFO:display_container: 2
2022-04-21 18:58:21,627:INFO:LinearDiscriminantAnalysis(n_components=None, priors=None, shrinkage=None,
                           solver='svd', store_covariance=False, tol=0.0001)
2022-04-21 18:58:21,627:INFO:create_model() succesfully completed......................................
2022-04-21 18:58:21,771:INFO:SubProcess create_model() end ==================================
2022-04-21 18:58:21,771:INFO:Creating metrics dataframe
2022-04-21 18:58:21,793:INFO:Initializing Extra Trees Classifier
2022-04-21 18:58:21,794:INFO:Total runtime is 0.5598767598470052 minutes
2022-04-21 18:58:21,803:INFO:SubProcess create_model() called ==================================
2022-04-21 18:58:21,804:INFO:Initializing create_model()
2022-04-21 18:58:21,804:INFO:create_model(estimator=et, fold=StratifiedKFold(n_splits=10, random_state=None, shuffle=False), round=4, cross_validation=True, predict=True, fit_kwargs={}, groups=None, refit=False, verbose=False, system=False, metrics=None, experiment_custom_tags=None, add_to_model_list=True, probability_threshold=None, display=<pycaret.internal.Display.Display object at 0x7f9704419eb0>, return_train_score=False, kwargs={})
2022-04-21 18:58:21,804:INFO:Checking exceptions
2022-04-21 18:58:21,805:INFO:Importing libraries
2022-04-21 18:58:21,805:INFO:Copying training dataset
2022-04-21 18:58:21,806:INFO:Defining folds
2022-04-21 18:58:21,807:INFO:Declaring metric variables
2022-04-21 18:58:21,816:INFO:Importing untrained model
2022-04-21 18:58:21,825:INFO:Extra Trees Classifier Imported succesfully
2022-04-21 18:58:21,843:INFO:Starting cross validation
2022-04-21 18:58:21,844:INFO:Cross validating with StratifiedKFold(n_splits=10, random_state=None, shuffle=False), n_jobs=1
2022-04-21 18:58:30,928:INFO:Calculating mean and std
2022-04-21 18:58:30,930:INFO:Creating metrics dataframe
2022-04-21 18:58:30,936:INFO:Uploading results into container
2022-04-21 18:58:30,936:INFO:Uploading model into container now
2022-04-21 18:58:30,937:INFO:create_model_container: 12
2022-04-21 18:58:30,937:INFO:master_model_container: 12
2022-04-21 18:58:30,937:INFO:display_container: 2
2022-04-21 18:58:30,938:INFO:ExtraTreesClassifier(bootstrap=False, ccp_alpha=0.0, class_weight=None,
                     criterion='gini', max_depth=None, max_features='auto',
                     max_leaf_nodes=None, max_samples=None,
                     min_impurity_decrease=0.0, min_impurity_split=None,
                     min_samples_leaf=1, min_samples_split=2,
                     min_weight_fraction_leaf=0.0, n_estimators=100, n_jobs=-1,
                     oob_score=False, random_state=42, verbose=0,
                     warm_start=False)
2022-04-21 18:58:30,938:INFO:create_model() succesfully completed......................................
2022-04-21 18:58:31,096:INFO:SubProcess create_model() end ==================================
2022-04-21 18:58:31,097:INFO:Creating metrics dataframe
2022-04-21 18:58:31,119:INFO:Initializing Extreme Gradient Boosting
2022-04-21 18:58:31,119:INFO:Total runtime is 0.7153065800666809 minutes
2022-04-21 18:58:31,129:INFO:SubProcess create_model() called ==================================
2022-04-21 18:58:31,130:INFO:Initializing create_model()
2022-04-21 18:58:31,130:INFO:create_model(estimator=xgboost, fold=StratifiedKFold(n_splits=10, random_state=None, shuffle=False), round=4, cross_validation=True, predict=True, fit_kwargs={}, groups=None, refit=False, verbose=False, system=False, metrics=None, experiment_custom_tags=None, add_to_model_list=True, probability_threshold=None, display=<pycaret.internal.Display.Display object at 0x7f9704419eb0>, return_train_score=False, kwargs={})
2022-04-21 18:58:31,131:INFO:Checking exceptions
2022-04-21 18:58:31,131:INFO:Importing libraries
2022-04-21 18:58:31,132:INFO:Copying training dataset
2022-04-21 18:58:31,134:INFO:Defining folds
2022-04-21 18:58:31,135:INFO:Declaring metric variables
2022-04-21 18:58:31,144:INFO:Importing untrained model
2022-04-21 18:58:31,153:INFO:Extreme Gradient Boosting Imported succesfully
2022-04-21 18:58:31,172:INFO:Starting cross validation
2022-04-21 18:58:31,174:INFO:Cross validating with StratifiedKFold(n_splits=10, random_state=None, shuffle=False), n_jobs=1
2022-04-21 18:58:31,872:INFO:Calculating mean and std
2022-04-21 18:58:31,873:INFO:Creating metrics dataframe
2022-04-21 18:58:31,880:INFO:Uploading results into container
2022-04-21 18:58:31,881:INFO:Uploading model into container now
2022-04-21 18:58:31,882:INFO:create_model_container: 13
2022-04-21 18:58:31,883:INFO:master_model_container: 13
2022-04-21 18:58:31,883:INFO:display_container: 2
2022-04-21 18:58:31,884:INFO:XGBClassifier(base_score=None, booster='gbtree', colsample_bylevel=None,
              colsample_bynode=None, colsample_bytree=None,
              enable_categorical=False, gamma=None, gpu_id=None,
              importance_type=None, interaction_constraints=None,
              learning_rate=None, max_delta_step=None, max_depth=None,
              min_child_weight=None, missing=nan, monotone_constraints=None,
              n_estimators=100, n_jobs=-1, num_parallel_tree=None,
              objective='binary:logistic', predictor=None, random_state=42,
              reg_alpha=None, reg_lambda=None, scale_pos_weight=None,
              subsample=None, tree_method='gpu_hist', use_label_encoder=True,
              validate_parameters=None, verbosity=0)
2022-04-21 18:58:31,885:INFO:create_model() succesfully completed......................................
2022-04-21 18:58:32,044:WARNING:create_model() for XGBClassifier(base_score=None, booster='gbtree', colsample_bylevel=None,
              colsample_bynode=None, colsample_bytree=None,
              enable_categorical=False, gamma=None, gpu_id=None,
              importance_type=None, interaction_constraints=None,
              learning_rate=None, max_delta_step=None, max_depth=None,
              min_child_weight=None, missing=nan, monotone_constraints=None,
              n_estimators=100, n_jobs=-1, num_parallel_tree=None,
              objective='binary:logistic', predictor=None, random_state=42,
              reg_alpha=None, reg_lambda=None, scale_pos_weight=None,
              subsample=None, tree_method='gpu_hist', use_label_encoder=True,
              validate_parameters=None, verbosity=0) raised an exception or returned all 0.0, trying without fit_kwargs:
2022-04-21 18:58:32,046:WARNING:Traceback (most recent call last):
  File "/home/ash022/miniconda3/lib/python3.9/site-packages/pycaret/internal/tabular.py", line 2205, in compare_models
    assert np.sum(model_results.iloc[0]) != 0.0
AssertionError

2022-04-21 18:58:32,047:INFO:Initializing create_model()
2022-04-21 18:58:32,047:INFO:create_model(estimator=xgboost, fold=StratifiedKFold(n_splits=10, random_state=None, shuffle=False), round=4, cross_validation=True, predict=True, fit_kwargs={}, groups=None, refit=False, verbose=False, system=False, metrics=None, experiment_custom_tags=None, add_to_model_list=True, probability_threshold=None, display=<pycaret.internal.Display.Display object at 0x7f9704419eb0>, return_train_score=False, kwargs={})
2022-04-21 18:58:32,048:INFO:Checking exceptions
2022-04-21 18:58:32,048:INFO:Importing libraries
2022-04-21 18:58:32,049:INFO:Copying training dataset
2022-04-21 18:58:32,050:INFO:Defining folds
2022-04-21 18:58:32,051:INFO:Declaring metric variables
2022-04-21 18:58:32,059:INFO:Importing untrained model
2022-04-21 18:58:32,068:INFO:Extreme Gradient Boosting Imported succesfully
2022-04-21 18:58:32,087:INFO:Starting cross validation
2022-04-21 18:58:32,088:INFO:Cross validating with StratifiedKFold(n_splits=10, random_state=None, shuffle=False), n_jobs=1
2022-04-21 18:58:32,817:INFO:Calculating mean and std
2022-04-21 18:58:32,819:INFO:Creating metrics dataframe
2022-04-21 18:58:32,824:INFO:Uploading results into container
2022-04-21 18:58:32,825:INFO:Uploading model into container now
2022-04-21 18:58:32,825:INFO:create_model_container: 14
2022-04-21 18:58:32,825:INFO:master_model_container: 14
2022-04-21 18:58:32,825:INFO:display_container: 2
2022-04-21 18:58:32,826:INFO:XGBClassifier(base_score=None, booster='gbtree', colsample_bylevel=None,
              colsample_bynode=None, colsample_bytree=None,
              enable_categorical=False, gamma=None, gpu_id=None,
              importance_type=None, interaction_constraints=None,
              learning_rate=None, max_delta_step=None, max_depth=None,
              min_child_weight=None, missing=nan, monotone_constraints=None,
              n_estimators=100, n_jobs=-1, num_parallel_tree=None,
              objective='binary:logistic', predictor=None, random_state=42,
              reg_alpha=None, reg_lambda=None, scale_pos_weight=None,
              subsample=None, tree_method='gpu_hist', use_label_encoder=True,
              validate_parameters=None, verbosity=0)
2022-04-21 18:58:32,827:INFO:create_model() succesfully completed......................................
2022-04-21 18:58:32,960:ERROR:create_model() for XGBClassifier(base_score=None, booster='gbtree', colsample_bylevel=None,
              colsample_bynode=None, colsample_bytree=None,
              enable_categorical=False, gamma=None, gpu_id=None,
              importance_type=None, interaction_constraints=None,
              learning_rate=None, max_delta_step=None, max_depth=None,
              min_child_weight=None, missing=nan, monotone_constraints=None,
              n_estimators=100, n_jobs=-1, num_parallel_tree=None,
              objective='binary:logistic', predictor=None, random_state=42,
              reg_alpha=None, reg_lambda=None, scale_pos_weight=None,
              subsample=None, tree_method='gpu_hist', use_label_encoder=True,
              validate_parameters=None, verbosity=0) raised an exception or returned all 0.0:
2022-04-21 18:58:32,961:ERROR:Traceback (most recent call last):
  File "/home/ash022/miniconda3/lib/python3.9/site-packages/pycaret/internal/tabular.py", line 2205, in compare_models
    assert np.sum(model_results.iloc[0]) != 0.0
AssertionError

During handling of the above exception, another exception occurred:

Traceback (most recent call last):
  File "/home/ash022/miniconda3/lib/python3.9/site-packages/pycaret/internal/tabular.py", line 2214, in compare_models
    assert np.sum(model_results.iloc[0]) != 0.0
AssertionError

2022-04-21 18:58:32,961:INFO:Initializing Light Gradient Boosting Machine
2022-04-21 18:58:32,962:INFO:Total runtime is 0.7460145950317383 minutes
2022-04-21 18:58:32,972:INFO:SubProcess create_model() called ==================================
2022-04-21 18:58:32,973:INFO:Initializing create_model()
2022-04-21 18:58:32,973:INFO:create_model(estimator=lightgbm, fold=StratifiedKFold(n_splits=10, random_state=None, shuffle=False), round=4, cross_validation=True, predict=True, fit_kwargs={}, groups=None, refit=False, verbose=False, system=False, metrics=None, experiment_custom_tags=None, add_to_model_list=True, probability_threshold=None, display=<pycaret.internal.Display.Display object at 0x7f9704419eb0>, return_train_score=False, kwargs={})
2022-04-21 18:58:32,973:INFO:Checking exceptions
2022-04-21 18:58:32,974:INFO:Importing libraries
2022-04-21 18:58:32,974:INFO:Copying training dataset
2022-04-21 18:58:32,975:INFO:Defining folds
2022-04-21 18:58:32,975:INFO:Declaring metric variables
2022-04-21 18:58:32,985:INFO:Importing untrained model
2022-04-21 18:58:32,995:INFO:Light Gradient Boosting Machine Imported succesfully
2022-04-21 18:58:33,018:INFO:Starting cross validation
2022-04-21 18:58:33,019:INFO:Cross validating with StratifiedKFold(n_splits=10, random_state=None, shuffle=False), n_jobs=1
2022-04-21 18:58:34,989:INFO:Calculating mean and std
2022-04-21 18:58:34,991:INFO:Creating metrics dataframe
2022-04-21 18:58:34,996:INFO:Uploading results into container
2022-04-21 18:58:34,997:INFO:Uploading model into container now
2022-04-21 18:58:34,997:INFO:create_model_container: 15
2022-04-21 18:58:34,997:INFO:master_model_container: 15
2022-04-21 18:58:34,998:INFO:display_container: 2
2022-04-21 18:58:34,998:INFO:LGBMClassifier(boosting_type='gbdt', class_weight=None, colsample_bytree=1.0,
               importance_type='split', learning_rate=0.1, max_depth=-1,
               min_child_samples=20, min_child_weight=0.001, min_split_gain=0.0,
               n_estimators=100, n_jobs=-1, num_leaves=31, objective=None,
               random_state=42, reg_alpha=0.0, reg_lambda=0.0, silent='warn',
               subsample=1.0, subsample_for_bin=200000, subsample_freq=0)
2022-04-21 18:58:34,999:INFO:create_model() succesfully completed......................................
2022-04-21 18:58:35,141:INFO:SubProcess create_model() end ==================================
2022-04-21 18:58:35,142:INFO:Creating metrics dataframe
2022-04-21 18:58:35,162:INFO:Initializing CatBoost Classifier
2022-04-21 18:58:35,163:INFO:Total runtime is 0.7826971928278605 minutes
2022-04-21 18:58:35,174:INFO:SubProcess create_model() called ==================================
2022-04-21 18:58:35,175:INFO:Initializing create_model()
2022-04-21 18:58:35,176:INFO:create_model(estimator=catboost, fold=StratifiedKFold(n_splits=10, random_state=None, shuffle=False), round=4, cross_validation=True, predict=True, fit_kwargs={}, groups=None, refit=False, verbose=False, system=False, metrics=None, experiment_custom_tags=None, add_to_model_list=True, probability_threshold=None, display=<pycaret.internal.Display.Display object at 0x7f9704419eb0>, return_train_score=False, kwargs={})
2022-04-21 18:58:35,176:INFO:Checking exceptions
2022-04-21 18:58:35,176:INFO:Importing libraries
2022-04-21 18:58:35,177:INFO:Copying training dataset
2022-04-21 18:58:35,178:INFO:Defining folds
2022-04-21 18:58:35,178:INFO:Declaring metric variables
2022-04-21 18:58:35,186:INFO:Importing untrained model
2022-04-21 18:58:35,195:INFO:CatBoost Classifier Imported succesfully
2022-04-21 18:58:35,212:INFO:Starting cross validation
2022-04-21 18:58:35,213:INFO:Cross validating with StratifiedKFold(n_splits=10, random_state=None, shuffle=False), n_jobs=1
